app/build/intermediates/manifest_merge_blame_file/debug/manifest-merger-blame-debug-report.txt
1<?xml version="1.0" encoding="utf-8"?>
2<manifest xmlns:android="http://schemas.android.com/apk/res/android"
3    package="com.rahul.saveoapp"
4    android:versionCode="1"
5    android:versionName="1.0" >
6
7    <uses-sdk
8        android:minSdkVersion="21"
8-->src\main\AndroidManifest.xml
9        android:targetSdkVersion="30" />
9-->src\main\AndroidManifest.xml
10
11    <uses-permission android:name="android.permission.INTERNET" />
11-->src\main\AndroidManifest.xml:6:5-67
11-->src\main\AndroidManifest.xml:6:22-64
12
13    <application
13-->src\main\AndroidManifest.xml:7:5-28:19
14        android:allowBackup="true"
14-->src\main\AndroidManifest.xml:8:9-35
15        android:appComponentFactory="androidx.core.app.CoreComponentFactory"
15-->[androidx.core:core:1.6.0] AndroidManifest.xml:24:18-86
16        android:debuggable="true"
17        android:icon="@mipmap/ic_launcher"
17-->src\main\AndroidManifest.xml:9:9-43
18        android:label="@string/app_name"
18-->src\main\AndroidManifest.xml:10:9-41
19        android:roundIcon="@mipmap/ic_launcher_round"
19-->src\main\AndroidManifest.xml:11:9-54
20        android:supportsRtl="true"
20-->src\main\AndroidManifest.xml:12:9-35
21        android:testOnly="true"
22        android:theme="@style/Theme.SaveoApp"
22-->src\main\AndroidManifest.xml:13:9-46
23        android:usesCleartextTraffic="true" >
23-->src\main\AndroidManifest.xml:14:9-44
24        <activity
24-->src\main\AndroidManifest.xml:16:9-24:20
25            android:name="com.ravi.saveoapp.views.MainActivity"
25-->src\main\AndroidManifest.xml:17:13-64
26            android:launchMode="singleTop" >
26-->src\main\AndroidManifest.xml:18:13-43
27            <intent-filter>
27-->src\main\AndroidManifest.xml:19:13-23:29
28                <action android:name="android.intent.action.MAIN" />
28-->src\main\AndroidManifest.xml:20:17-69
28-->src\main\AndroidManifest.xml:20:25-66
29
30                <category android:name="android.intent.category.LAUNCHER" />
30-->src\main\AndroidManifest.xml:22:17-77
30-->src\main\AndroidManifest.xml:22:27-74
31            </intent-filter>
32        </activity>
33
34        <meta-data
34-->src\main\AndroidManifest.xml:25:9-27:57
35            android:name="preloaded_fonts"
35-->src\main\AndroidManifest.xml:26:13-43
36            android:resource="@array/preloaded_fonts" />
36-->src\main\AndroidManifest.xml:27:13-54
37
38        <service
38-->[androidx.room:room-runtime:2.1.0] AndroidManifest.xml:25:9-27:40
39            android:name="androidx.room.MultiInstanceInvalidationService"
39-->[androidx.room:room-runtime:2.1.0] AndroidManifest.xml:26:13-74
40            android:exported="false" />
40-->[androidx.room:room-runtime:2.1.0] AndroidManifest.xml:27:13-37
41
42        <provider
42-->[androidx.lifecycle:lifecycle-process:2.2.0-alpha01] AndroidManifest.xml:23:9-27:43
43            android:name="androidx.lifecycle.ProcessLifecycleOwnerInitializer"
43-->[androidx.lifecycle:lifecycle-process:2.2.0-alpha01] AndroidManifest.xml:24:13-79
44            android:authorities="com.rahul.saveoapp.lifecycle-process"
44-->[androidx.lifecycle:lifecycle-process:2.2.0-alpha01] AndroidManifest.xml:25:13-69
45            android:exported="false"
45-->[androidx.lifecycle:lifecycle-process:2.2.0-alpha01] AndroidManifest.xml:26:13-37
46            android:multiprocess="true" />
46-->[androidx.lifecycle:lifecycle-process:2.2.0-alpha01] AndroidManifest.xml:27:13-40
47    </application>
48
49</manifest>